TN:
SF:/Users/ivanpiton/Desktop/solidity/hardhat-starter-kit/contracts/APIConsumer.sol
FN:20,constructor
FN:38,requestVolumeData
FN:68,fulfill
FN:77,withdrawLink
FN:82,stringToBytes32
FNF:5
FNH:0
FNDA:0,constructor
FNDA:0,requestVolumeData
FNDA:0,fulfill
FNDA:0,withdrawLink
FNDA:0,stringToBytes32
DA:21,0
DA:22,0
DA:24,0
DA:29,0
DA:30,0
DA:31,0
DA:40,0
DA:43,0
DA:55,0
DA:58,0
DA:59,0
DA:62,0
DA:70,0
DA:78,0
DA:79,0
DA:83,0
DA:84,0
DA:85,0
DA:88,0
LF:19
LH:0
BRDA:21,1,0,0
BRDA:21,1,1,0
BRDA:79,2,0,0
BRDA:79,2,1,0
BRDA:84,3,0,0
BRDA:84,3,1,0
BRF:6
BRH:0
end_of_record
TN:
SF:/Users/ivanpiton/Desktop/solidity/hardhat-starter-kit/contracts/PriceConsumerV3.sol
FN:14,constructor
FN:21,getLatestPrice
FNF:2
FNH:0
FNDA:0,constructor
FNDA:0,getLatestPrice
DA:15,0
DA:22,0
DA:29,0
LF:3
LH:0
BRF:0
BRH:0
end_of_record
TN:
SF:/Users/ivanpiton/Desktop/solidity/hardhat-starter-kit/contracts/RandomNumberConsumer.sol
FN:26,constructor
FN:35,getRandomNumber
FN:43,fulfillRandomness
FN:53,withdrawLink
FNF:4
FNH:0
FNDA:0,constructor
FNDA:0,getRandomNumber
FNDA:0,fulfillRandomness
FNDA:0,withdrawLink
DA:28,0
DA:29,0
DA:36,0
DA:37,0
DA:44,0
DA:54,0
LF:6
LH:0
BRDA:54,1,0,0
BRDA:54,1,1,0
BRF:2
BRH:0
end_of_record
TN:
SF:/Users/ivanpiton/Desktop/solidity/hardhat-starter-kit/contracts/test/LinkToken.sol
FNF:0
FNH:0
LF:0
LH:0
BRF:0
BRH:0
end_of_record
TN:
SF:/Users/ivanpiton/Desktop/solidity/hardhat-starter-kit/contracts/test/MockOracle.sol
FN:48,constructor
FN:80,oracleRequest
FN:118,fulfillOracleRequest
FN:140,cancelOracleRequest
FN:164,getChainlinkToken
FN:179,isValidRequest
FN:189,checkCallbackAddress
FNF:7
FNH:0
FNDA:0,constructor
FNDA:0,oracleRequest
FNDA:0,fulfillOracleRequest
FNDA:0,cancelOracleRequest
FNDA:0,getChainlinkToken
FNDA:0,isValidRequest
FNDA:0,checkCallbackAddress
DA:51,0
DA:82,0
DA:83,0
DA:85,0
DA:87,0
DA:92,0
DA:121,0
DA:122,0
DA:123,0
DA:127,0
DA:128,0
DA:149,0
DA:151,0
DA:153,0
DA:154,0
DA:156,0
DA:170,0
DA:180,0
DA:181,0
DA:190,0
DA:191,0
LF:21
LH:0
BRDA:83,1,0,0
BRDA:83,1,1,0
BRDA:123,2,0,0
BRDA:123,2,1,0
BRDA:149,3,0,0
BRDA:149,3,1,0
BRDA:151,4,0,0
BRDA:151,4,1,0
BRDA:180,5,0,0
BRDA:180,5,1,0
BRDA:190,6,0,0
BRDA:190,6,1,0
BRF:12
BRH:0
end_of_record
TN:
SF:/Users/ivanpiton/Desktop/solidity/hardhat-starter-kit/contracts/test/MockV3Aggregator.sol
FNF:0
FNH:0
LF:0
LH:0
BRF:0
BRH:0
end_of_record
TN:
SF:/Users/ivanpiton/Desktop/solidity/hardhat-starter-kit/contracts/test/VRFCoordinatorMock.sol
FNF:0
FNH:0
LF:0
LH:0
BRF:0
BRH:0
end_of_record
